<?xml version="1.0" encoding="UTF-8"?>
<robot generator="Robot 5.0 (Python 3.9.1 on win32)" generated="20220504 12:10:13.075" rpa="false" schemaversion="3">
<suite id="s1" name="Firsttest" source="C:\Users\deepa\PycharmProjects\FirstAssignment\Automation\firsttest.robot">
<test id="s1-t1" name="Validationtest" line="11">
<kw name="Open Browser" library="SeleniumLibrary">
<arg>${url}</arg>
<arg>${browser}</arg>
<doc>Opens a new browser instance to the optional ``url``.</doc>
<msg timestamp="20220504 12:10:13.262" level="INFO">Opening browser 'chrome' to base url 'https://flipkart.com'.</msg>
<status status="PASS" starttime="20220504 12:10:13.262" endtime="20220504 12:10:15.586"/>
</kw>
<kw name="Set Browser Implicit Wait" library="SeleniumLibrary">
<arg>5</arg>
<doc>Sets the implicit wait value used by Selenium.</doc>
<status status="PASS" starttime="20220504 12:10:15.587" endtime="20220504 12:10:15.589"/>
</kw>
<kw name="Maximize Browser Window" library="SeleniumLibrary">
<doc>Maximizes current browser window.</doc>
<status status="PASS" starttime="20220504 12:10:15.589" endtime="20220504 12:10:15.722"/>
</kw>
<kw name="Title Should Be" library="SeleniumLibrary">
<arg>Online Shopping Site for Mobiles, Electronics, Furniture, Grocery, Lifestyle, Books &amp; More. Best Offers!</arg>
<doc>Verifies that the current page title equals ``title``.</doc>
<msg timestamp="20220504 12:10:15.759" level="INFO">Page title is 'Online Shopping Site for Mobiles, Electronics, Furniture, Grocery, Lifestyle, Books &amp; More. Best Offers!'.</msg>
<status status="PASS" starttime="20220504 12:10:15.723" endtime="20220504 12:10:15.759"/>
</kw>
<kw name="Set Variable" library="BuiltIn">
<var>${input_txt}</var>
<arg>xpath://input[@class='_2IX_2- VJZDxU']</arg>
<doc>Returns the given values which can then be assigned to a variables.</doc>
<msg timestamp="20220504 12:10:15.760" level="INFO">${input_txt} = xpath://input[@class='_2IX_2- VJZDxU']</msg>
<status status="PASS" starttime="20220504 12:10:15.760" endtime="20220504 12:10:15.760"/>
</kw>
<kw name="Element Should Be Enabled" library="SeleniumLibrary">
<arg>${input_txt}</arg>
<doc>Verifies that element identified by ``locator`` is enabled.</doc>
<status status="PASS" starttime="20220504 12:10:15.761" endtime="20220504 12:10:15.808"/>
</kw>
<kw name="Element Should Be Visible" library="SeleniumLibrary">
<arg>${input_txt}</arg>
<doc>Verifies that the element identified by ``locator`` is visible.</doc>
<msg timestamp="20220504 12:10:15.823" level="INFO">Element 'xpath://input[@class='_2IX_2- VJZDxU']' is displayed.</msg>
<status status="PASS" starttime="20220504 12:10:15.808" endtime="20220504 12:10:15.823"/>
</kw>
<kw name="Sleep" library="BuiltIn">
<arg>3</arg>
<doc>Pauses the test executed for the given time.</doc>
<msg timestamp="20220504 12:10:18.833" level="INFO">Slept 3 seconds</msg>
<status status="PASS" starttime="20220504 12:10:15.823" endtime="20220504 12:10:18.833"/>
</kw>
<kw name="Input Text" library="SeleniumLibrary">
<arg>xpath://input[@class='_2IX_2- VJZDxU']</arg>
<arg>deepakmudhiraj92@gmail.com</arg>
<doc>Types the given ``text`` into the text field identified by ``locator``.</doc>
<msg timestamp="20220504 12:10:18.833" level="INFO">Typing text 'deepakmudhiraj92@gmail.com' into text field 'xpath://input[@class='_2IX_2- VJZDxU']'.</msg>
<status status="PASS" starttime="20220504 12:10:18.833" endtime="20220504 12:10:18.933"/>
</kw>
<kw name="Sleep" library="BuiltIn">
<arg>3</arg>
<doc>Pauses the test executed for the given time.</doc>
<msg timestamp="20220504 12:10:21.937" level="INFO">Slept 3 seconds</msg>
<status status="PASS" starttime="20220504 12:10:18.934" endtime="20220504 12:10:21.937"/>
</kw>
<kw name="Close Browser" library="SeleniumLibrary">
<doc>Closes the current browser.</doc>
<status status="PASS" starttime="20220504 12:10:21.937" endtime="20220504 12:10:24.080"/>
</kw>
<status status="PASS" starttime="20220504 12:10:13.262" endtime="20220504 12:10:24.080"/>
</test>
<status status="PASS" starttime="20220504 12:10:13.090" endtime="20220504 12:10:24.080"/>
</suite>
<statistics>
<total>
<stat pass="1" fail="0" skip="0">All Tests</stat>
</total>
<tag>
</tag>
<suite>
<stat pass="1" fail="0" skip="0" id="s1" name="Firsttest">Firsttest</stat>
</suite>
</statistics>
<errors>
</errors>
</robot>
